<?xml version="1.0" encoding="UTF-8"?>
<!-- Generated by org.testng.reporters.JUnitXMLReporter -->
<testsuite ignored="0" hostname="DESKTOP-V7RJE2G" failures="0" tests="5" name="Default test" time="29.778" errors="0" timestamp="2026-03-21T23:20:31 IST">
  <testcase classname="practice.selenium.Methods" name="textbox" time="5.072"/>
  <testcase classname="practice.selenium.Methods" name="webTableEditRecord" time="7.496"/>
  <testcase classname="practice.selenium.Methods" name="checkbox" time="4.797"/>
  <testcase classname="practice.selenium.Methods" name="radioButton" time="0.317"/>
  <testcase classname="practice.selenium.Methods" name="buttons" time="0.242"/>
</testsuite> <!-- Default test -->
