<?xml version="1.0" encoding="UTF-8"?>
<testng-results ignored="0" total="5" passed="5" failed="0" skipped="0">
  <reporter-output>
  </reporter-output>
  <suite started-at="2026-03-21T23:20:01 IST" name="Default suite" finished-at="2026-03-21T23:20:31 IST" duration-ms="29778">
    <groups>
    </groups>
    <test started-at="2026-03-21T23:20:01 IST" name="Default test" finished-at="2026-03-21T23:20:31 IST" duration-ms="29778">
      <class name="practice.selenium.Methods">
        <test-method is-config="true" signature="setup()[pri:0, instance:practice.selenium.Methods@1e800aaa]" started-at="2026-03-21T23:20:01 IST" name="setup" finished-at="2026-03-21T23:20:12 IST" duration-ms="10942" status="PASS">
          <reporter-output>
          </reporter-output>
        </test-method> <!-- setup -->
        <test-method signature="textbox()[pri:0, instance:practice.selenium.Methods@1e800aaa]" started-at="2026-03-21T23:20:12 IST" name="textbox" finished-at="2026-03-21T23:20:17 IST" duration-ms="5072" status="PASS">
          <reporter-output>
          </reporter-output>
        </test-method> <!-- textbox -->
        <test-method signature="webTableEditRecord()[pri:1, instance:practice.selenium.Methods@1e800aaa]" started-at="2026-03-21T23:20:17 IST" name="webTableEditRecord" finished-at="2026-03-21T23:20:24 IST" duration-ms="7496" status="PASS">
          <reporter-output>
          </reporter-output>
        </test-method> <!-- webTableEditRecord -->
        <test-method signature="checkbox()[pri:2, instance:practice.selenium.Methods@1e800aaa]" started-at="2026-03-21T23:20:24 IST" name="checkbox" finished-at="2026-03-21T23:20:29 IST" duration-ms="4797" status="PASS">
          <reporter-output>
          </reporter-output>
        </test-method> <!-- checkbox -->
        <test-method signature="radioButton()[pri:3, instance:practice.selenium.Methods@1e800aaa]" started-at="2026-03-21T23:20:29 IST" name="radioButton" finished-at="2026-03-21T23:20:30 IST" duration-ms="317" status="PASS">
          <reporter-output>
          </reporter-output>
        </test-method> <!-- radioButton -->
        <test-method signature="buttons()[pri:4, instance:practice.selenium.Methods@1e800aaa]" started-at="2026-03-21T23:20:30 IST" name="buttons" finished-at="2026-03-21T23:20:30 IST" duration-ms="242" status="PASS">
          <reporter-output>
          </reporter-output>
        </test-method> <!-- buttons -->
        <test-method is-config="true" signature="closebrowser()[pri:0, instance:practice.selenium.Methods@1e800aaa]" started-at="2026-03-21T23:20:30 IST" name="closebrowser" finished-at="2026-03-21T23:20:31 IST" duration-ms="839" status="PASS">
          <reporter-output>
          </reporter-output>
        </test-method> <!-- closebrowser -->
      </class> <!-- practice.selenium.Methods -->
    </test> <!-- Default test -->
  </suite> <!-- Default suite -->
</testng-results>
