<?xml version="1.0" encoding="UTF-8"?>
<testng-results ignored="0" total="1" passed="1" failed="0" skipped="0">
  <reporter-output>
  </reporter-output>
  <suite started-at="2026-03-25T16:53:13 IST" name="Default suite" finished-at="2026-03-25T16:53:31 IST" duration-ms="17993">
    <groups>
    </groups>
    <test started-at="2026-03-25T16:53:13 IST" name="Default test" finished-at="2026-03-25T16:53:31 IST" duration-ms="17993">
      <class name="IndustryPractice.LoginTest">
        <test-method signature="setup()[pri:0, instance:IndustryPractice.LoginTest@36fc695d]" started-at="2026-03-25T16:53:13 IST" name="setup" finished-at="2026-03-25T16:53:31 IST" duration-ms="17935" status="PASS">
          <reporter-output>
          </reporter-output>
        </test-method> <!-- setup -->
      </class> <!-- IndustryPractice.LoginTest -->
    </test> <!-- Default test -->
  </suite> <!-- Default suite -->
</testng-results>
